<?xml version="1.0" encoding="UTF-8"?>
<rss xmlns:itunes="http://www.itunes.com/dtds/podcast-1.0.dtd" xmlns:podcast="https://podcastindex.org/namespace/1.0" version="2.0">
  <channel>
  <id>1b3f8c16-adf9-4dfa-8d9c-adfdcd774f3b</id>
  <title>test-2</title>
  <itunes:image href=""></itunes:image>
  <description>asas</description>
  <item>
    <guid>4N00xYCiqfs</guid>
    <title>singing some gracie abrams by the lake</title>
    <enclosure url="https://archive.org/download/manlas_tubecast/audio_test-2_4N00xYCiqfs.mp3" length="5474300" type="audio/mpeg"></enclosure>
    <itunes:image href="https://archive.org/download/manlas_tubecast/thumbnail_test-2_4N00xYCiqfs.png"></itunes:image>
    <description>hii welcome back!! I spent of few days up at my family&#39;s cottage in Lac Saint-Jean and figured I&#39;d sing a little something by the lake for ya. I think that most of my song requests at this point are ones by Gracie so I hope you guys enjoy this one! Also in case you missed it, I announced a small European tour next November supporting Bertie Newman, and couldn&#39;t be more excited to perform for the first time in Europe :) tickets are available with the link below and you can follow my Instagram for more updates! Thanks for being here and for listening, take care everyone xxx&#xA;https://linktr.ee/mariannebeaulieu&#xA;&#xA;#cover #gracie #calm #acoustic</description>
    <link>https://www.youtube.com/watch?v=4N00xYCiqfs</link>
    <pubDate>Mon, 21 Jul 2025 00:00:00 GMT</pubDate>
    <itunes:duration>4:08</itunes:duration>
    <itunes:explicit>no</itunes:explicit>
    <itunes:author>marianneBL</itunes:author>
    <itunes:subtitle>hii welcome back!! I spent of few days up at my family&#39;s cottage in Lac Saint-Jean and figured I&#39;d sing a little something by the lake for ya. I think that most of my song requests at this point are ones by Gracie so I hope you guys enjoy this one! Also in case you missed it, I announced a small European tour next November supporting Bertie Newman, and couldn&#39;t be more excited to perform for the first time in Europe :) tickets are available with the link below and you can follow my Instagram for more updates! Thanks for being here and for listening, take care everyone xxx&#xA;https://linktr.ee/mariannebeaulieu&#xA;&#xA;#cover #gracie #calm #acoustic</itunes:subtitle>
    <itunes:summary></itunes:summary>
  </item>
  <item>
    <guid>3-G3MrdNIQk</guid>
    <title>a cover of Budapest !!</title>
    <enclosure url="https://archive.org/download/manlas_tubecast/audio_test-2_3-G3MrdNIQk.mp3" length="3734767" type="audio/mpeg"></enclosure>
    <itunes:image href="https://archive.org/download/manlas_tubecast/thumbnail_test-2_3-G3MrdNIQk.png"></itunes:image>
    <description>Link to the YouTube Video: https://www.youtube.com/watch?v=3-G3MrdNIQk&#xA;hii guys!! I had footage still from my most recent trip and figured this song was perfect for it. ALSO, I just announced a small European tour next November supporting Bertie Newman, and couldn&#39;t be more excited to perform for the first time in Europe :) tickets are available with the link below and you can follow my Instagram for more updates! I guess that&#39;s it for now, take care and hope you enjoy xx&#xA;https://linktr.ee/mariannebeaulieu&#xA;&#xA;#cover #cinematic #budapest #travel #acoustic</description>
    <link>https://www.youtube.com/watch?v=3-G3MrdNIQk</link>
    <pubDate></pubDate>
    <itunes:duration>3:05</itunes:duration>
    <itunes:explicit>no</itunes:explicit>
    <itunes:author>marianneBL</itunes:author>
    <itunes:subtitle>Link to the YouTube Video: https://www.youtube.com/watch?v=3-G3MrdNIQk&#xA;hii guys!! I had footage still from my most recent trip and figured this song was perfect for it. ALSO, I just announced a small European tour next November supporting Bertie Newman, and couldn&#39;t be more excited to perform for the first time in Europe :) tickets are available with the link below and you can follow my Instagram for more updates! I guess that&#39;s it for now, take care and hope you enjoy xx&#xA;https://linktr.ee/mariannebeaulieu&#xA;&#xA;#cover #cinematic #budapest #travel #acoustic</itunes:subtitle>
    <itunes:summary></itunes:summary>
  </item>
  <item>
    <guid>cfu9ihsU6yI</guid>
    <title>singing &#34;Medicine&#34; in my backyard :)</title>
    <enclosure url="https://archive.org/download/manlas_tubecast/audio_test-2_cfu9ihsU6yI.mp3" length="5638838" type="audio/mpeg"></enclosure>
    <itunes:image href="https://archive.org/download/manlas_tubecast/thumbnail_test-2_cfu9ihsU6yI.png"></itunes:image>
    <description>Link to the YouTube Video: https://www.youtube.com/watch?v=cfu9ihsU6yI&#xA;hii guys :) I&#39;ve sung this one in short videos a couple times now but this has to be my most requested song so I figured I would finally sing the full version. hope you&#39;re enjoying the flowers blooming and birds chirping again as much as I am, take care !! xx&#xA;&#34;Medicine&#34; by Daughter&#xA;&#xA;stream my newest EP here! : https://linktr.ee/mariannebeaulieu&#xA;#cover #daughter #acoustic #calm #harmony</description>
    <link>https://www.youtube.com/watch?v=cfu9ihsU6yI</link>
    <pubDate>Fri, 13 Jun 2025 00:00:00 GMT</pubDate>
    <itunes:duration>4:51</itunes:duration>
    <itunes:explicit>no</itunes:explicit>
    <itunes:author>marianneBL</itunes:author>
    <itunes:subtitle>Link to the YouTube Video: https://www.youtube.com/watch?v=cfu9ihsU6yI&#xA;hii guys :) I&#39;ve sung this one in short videos a couple times now but this has to be my most requested song so I figured I would finally sing the full version. hope you&#39;re enjoying the flowers blooming and birds chirping again as much as I am, take care !! xx&#xA;&#34;Medicine&#34; by Daughter&#xA;&#xA;stream my newest EP here! : https://linktr.ee/mariannebeaulieu&#xA;#cover #daughter #acoustic #calm #harmony</itunes:subtitle>
    <itunes:summary></itunes:summary>
  </item>
  <language>English</language>
  <copyright>fitrahhaque</copyright>
  <itunes:author></itunes:author>
  <itunes:subtitle>asas</itunes:subtitle>
  <itunes:summary>asas</itunes:summary>
  <itunes:explicit>no</itunes:explicit>
  <itunes:category text="Technology"></itunes:category>
  <itunes:owner>
    <itunes:name></itunes:name>
    <itunes:email></itunes:email>
  </itunes:owner>
</channel>
</rss>