<?xml version="1.0" encoding="UTF-8"?>
<rss xmlns:itunes="http://www.itunes.com/dtds/podcast-1.0.dtd" xmlns:podcast="https://podcastindex.org/namespace/1.0" version="2.0">
  <channel>
  <id>fc5248cd-11fc-40c5-a669-0b372d3423c4</id>
  <title>test-3</title>
  <itunes:image href=""></itunes:image>
  <description>test3</description>
  <language>English</language>
  <copyright>fitrahhaque</copyright>
  <itunes:author></itunes:author>
  <itunes:subtitle>test3</itunes:subtitle>
  <itunes:summary>test3</itunes:summary>
  <itunes:explicit>no</itunes:explicit>
  <itunes:category text="Technology"></itunes:category>
  <itunes:owner>
    <itunes:name></itunes:name>
    <itunes:email></itunes:email>
  </itunes:owner>
</channel>
</rss>