<?xml version="1.0" encoding="UTF-8"?>
<rss xmlns:itunes="http://www.itunes.com/dtds/podcast-1.0.dtd" xmlns:podcast="https://podcastindex.org/namespace/1.0" version="2.0">
  <channel>
  <id>3edf9f76-eaf2-47b9-94b7-5f527710a421</id>
  <title>test-1</title>
  <itunes:image href="https://archive.org/download/manlas_tubecast/cover_test-1.png"></itunes:image>
  <description>testing</description>
  <language>English</language>
  <copyright>manlas</copyright>
  <itunes:author></itunes:author>
  <itunes:subtitle>testing</itunes:subtitle>
  <itunes:summary>testing</itunes:summary>
  <itunes:explicit>no</itunes:explicit>
  <itunes:category text="Technology"></itunes:category>
  <itunes:owner>
    <itunes:name></itunes:name>
    <itunes:email></itunes:email>
  </itunes:owner>
</channel>
</rss>