<?xml version="1.0" encoding="UTF-8"?>
<rss xmlns:itunes="http://www.itunes.com/dtds/podcast-1.0.dtd" xmlns:podcast="https://podcastindex.org/namespace/1.0" version="2.0">
  <channel>
  <id>4d191de1-52e0-4faa-942a-3ca0a1ce756d</id>
  <title>test-1</title>
  <itunes:image href="https://uc3b0193980ec8f8d143212637b8.dl.dropboxusercontent.com/cd/0/inline/CtKQuIaE7YNHwHGkLUP10yr5h8zZ1HH6EYgxA9Gm-07dIG_QjOmva6t2_-cJ9rn3n4hCFP-Ax-LWXiJ7ZfKg2Sp8I90Hwii44rVjvWWkz4E-ieFIszt484oAu_nrRQ-_gdHCFrsyZK1dfJJfgmDWmeO-/file"></itunes:image>
  <description>name:name</description>
  <item>
    <guid>dh6BCSzaF6g</guid>
    <title>WTF Typescript</title>
    <enclosure url="https://uce0050d9a727789b7841d08a89a.dl.dropboxusercontent.com/cd/0/inline/CtJ3UbcM3oOG4E9r1V-kySEI3u1nknDaziJwg8JRsRtjHsCfrnIjawFUVsmBiHMwim3nLKUNpa0y6HsULizKh6qeJARwggSGb3rNxiX3Sub0p59eBjrFWMW9H8XFgvnHwFixyY_NSExqDFFli2_JrCcm/file" length="106722548" type="audio/mpeg"></enclosure>
    <itunes:image href="https://ucca59d18fce543f1c16c7103188.dl.dropboxusercontent.com/cd/0/inline/CtIlzMO2uq9XKMTR8EFpeDUELztE54K_w7rpxTjy8XPUwohsjnhYg1NJi4dJSBReg5OUJ129GijXxuCAv6hTz4O3sVdwl5pPasywkPiIDsBygXGlxikuDmbdTvexXX_zDvB4jw5xFwahD_eGcwYka6Wm/file"></itunes:image>
    <description>üîó Sponsored by Sentry https://sentry.io | Code breaks, fix it faster&#xA;&#xA;üìå Chapters:&#xA;&#xA;00:00:00 - Intro&#xA;00:00:42 - Who‚Äôs actually a ‚Äúweb developer‚Äù?&#xA;00:02:31 - Trash‚Äôs live intro &amp; TypeScript presentation setup&#xA;00:03:59 - Sentry #ad&#xA;00:04:38 - Excess property checks in TS&#xA;00:09:42 - WTF: Object spreads silence type errors&#xA;00:14:30 - React prop spreading madness&#xA;00:18:22 - Structural vs duck typing debate&#xA;00:24:00 - WTF: Enums and why everyone hates them&#xA;00:27:45 - Enum strings vs numbers behavior&#xA;00:33:10 - Why enums in Node are cursed&#xA;00:36:55 - Safer enum alternatives using const objects&#xA;00:43:10 - TS quirks: Boolean filter keeps undefined in types&#xA;00:46:40 - TSReset: The ‚ÄúCSS reset‚Äù for TypeScript&#xA;00:49:01 - WTF: Empty object {} lets everything through&#xA;00:52:32 - Doom rendered in TypeScript type system&#xA;00:54:00 - Type-level math in TS (it‚Äôs real)&#xA;00:56:33 - Scaling hell: TS performance bottlenecks&#xA;01:00:01 - Flamegraphs and fighting TS perf without docs&#xA;01:04:55 - TS inference vs explicit typing in large codebases&#xA;01:09:30 - Prime‚Äôs favorite TS bug strikes again&#xA;01:14:01 - Casey breaks down the compiler logic&#xA;01:17:50 - Is this a TypeScript bug or a feature?&#xA;01:22:44 - Final thoughts and community love&#xA;&#xA;---&#xA;&#xA;**Topics Covered:**&#xA;&#xA; ‚Ä¢ TypeScript excess property checks&#xA; ‚Ä¢ Enums vs object literals&#xA; ‚Ä¢ Structural vs duck typing&#xA; ‚Ä¢ TS compiler edge cases&#xA; ‚Ä¢ WTFs that break your mental model&#xA; ‚Ä¢ Type-level math&#xA; ‚Ä¢ Performance debugging hell&#xA; ‚Ä¢ Massive monorepo pain points&#xA; ‚Ä¢ The one TypeScript bug Prime can‚Äôt let go</description>
    <link></link>
    <pubDate>Tue, 08 Jul 2025 00:00:00 GMT</pubDate>
    <itunes:duration>1:25:06</itunes:duration>
    <itunes:explicit>no</itunes:explicit>
    <itunes:author>@ThePrimeTimeagen</itunes:author>
    <itunes:subtitle>üîó Sponsored by Sentry https://sentry.io | Code breaks, fix it faster&#xA;&#xA;üìå Chapters:&#xA;&#xA;00:00:00 - Intro&#xA;00:00:42 - Who‚Äôs actually a ‚Äúweb developer‚Äù?&#xA;00:02:31 - Trash‚Äôs live intro &amp; TypeScript presentation setup&#xA;00:03:59 - Sentry #ad&#xA;00:04:38 - Excess property checks in TS&#xA;00:09:42 - WTF: Object spreads silence type errors&#xA;00:14:30 - React prop spreading madness&#xA;00:18:22 - Structural vs duck typing debate&#xA;00:24:00 - WTF: Enums and why everyone hates them&#xA;00:27:45 - Enum strings vs numbers behavior&#xA;00:33:10 - Why enums in Node are cursed&#xA;00:36:55 - Safer enum alternatives using const objects&#xA;00:43:10 - TS quirks: Boolean filter keeps undefined in types&#xA;00:46:40 - TSReset: The ‚ÄúCSS reset‚Äù for TypeScript&#xA;00:49:01 - WTF: Empty object {} lets everything through&#xA;00:52:32 - Doom rendered in TypeScript type system&#xA;00:54:00 - Type-level math in TS (it‚Äôs real)&#xA;00:56:33 - Scaling hell: TS performance bottlenecks&#xA;01:00:01 - Flamegraphs and fighting TS perf without docs&#xA;01:04:55 - TS inference vs explicit typing in large codebases&#xA;01:09:30 - Prime‚Äôs favorite TS bug strikes again&#xA;01:14:01 - Casey breaks down the compiler logic&#xA;01:17:50 - Is this a TypeScript bug or a feature?&#xA;01:22:44 - Final thoughts and community love&#xA;&#xA;---&#xA;&#xA;**Topics Covered:**&#xA;&#xA; ‚Ä¢ TypeScript excess property checks&#xA; ‚Ä¢ Enums vs object literals&#xA; ‚Ä¢ Structural vs duck typing&#xA; ‚Ä¢ TS compiler edge cases&#xA; ‚Ä¢ WTFs that break your mental model&#xA; ‚Ä¢ Type-level math&#xA; ‚Ä¢ Performance debugging hell&#xA; ‚Ä¢ Massive monorepo pain points&#xA; ‚Ä¢ The one TypeScript bug Prime can‚Äôt let go</itunes:subtitle>
    <itunes:summary></itunes:summary>
  </item>
  <item>
    <guid>Ftt5KqJ5D0Q</guid>
    <title>The AI Girlfriend situation is SAD</title>
    <enclosure url="https://uceb93d918495ad436931213cef1.dl.dropboxusercontent.com/cd/0/inline/CtJbW_5FCzpszeBCjZ-sDcOZKSAJD4Gw5tNu1Ih2A6ImtQu9gDyfJIJmRl4aDGNFu0N-nW6tqKXvzpj6eTkFqzA79YCs_NjyyKSlmKId_ogjbm8GPAmsVLObBYKsi5BwShrVBYP0kA7sFxuOi5jPYf7T/file" length="39468956" type="audio/mpeg"></enclosure>
    <itunes:image href="https://uc626c42e4960f70705272923dc9.dl.dropboxusercontent.com/cd/0/inline/CtLSlyJFKdFRob5N743TXnj-B-1jZ03_rB3-qdCF6AYHtvp3D6JP_Xoq-GAeNqHMIHESuVxYP8gQv096GY9qTASDSu_RMCeYddbbEYRTKdmpjOWD-zvwKcqGakNPMf98ir7LT12xmkaGDy0hdvhXuh3p/file"></itunes:image>
    <description>Twitch https://twitch.tv/ThePrimeagen&#xA;Discord https://discord.gg/ThePrimeagen&#xA;&#xA;Become Backend Dev: https://boot.dev/prime&#xA;(plus i make courses for them)&#xA;&#xA;This is also the best way to support me is to support yourself becoming a better backend engineer.  &#xA;&#xA;### LINKS &#xA; -- https://www.youtube.com/watch?v=cFRuiVw4pKs&#xA;By: https://www.youtube.com/@CBSMornings&#xA;&#xA;Great News?  Want me to research and create video????: https://www.reddit.com/r/ThePrimeagen&#xA;&#xA;Kinesis Advantage 360: https://bit.ly/Prime-Kinesis</description>
    <link></link>
    <pubDate>Mon, 07 Jul 2025 00:00:00 GMT</pubDate>
    <itunes:duration>27:16</itunes:duration>
    <itunes:explicit>no</itunes:explicit>
    <itunes:author>@ThePrimeTimeagen</itunes:author>
    <itunes:subtitle>Twitch https://twitch.tv/ThePrimeagen&#xA;Discord https://discord.gg/ThePrimeagen&#xA;&#xA;Become Backend Dev: https://boot.dev/prime&#xA;(plus i make courses for them)&#xA;&#xA;This is also the best way to support me is to support yourself becoming a better backend engineer.  &#xA;&#xA;### LINKS &#xA; -- https://www.youtube.com/watch?v=cFRuiVw4pKs&#xA;By: https://www.youtube.com/@CBSMornings&#xA;&#xA;Great News?  Want me to research and create video????: https://www.reddit.com/r/ThePrimeagen&#xA;&#xA;Kinesis Advantage 360: https://bit.ly/Prime-Kinesis</itunes:subtitle>
    <itunes:summary></itunes:summary>
  </item>
  <item>
    <guid>vDWaKVmqznQ</guid>
    <title>Software Is Changing (Again) - Andrej Karpathy</title>
    <enclosure url="https://uc76894f82c0ad58a966472cbb2c.dl.dropboxusercontent.com/cd/0/inline/CtIcgnoJmbTbkhARzBbCJHlKDxWN9qT2TF8n6OUOsOKNOQf0aaSPe3ab2D2eCC7LKCMbBiX9LkQQ3ZAo08pt3Fpp_1vmRtzRtIpi9sdN_ldfBDofDcua7rRIVlmskelR9LkD1M--VoggFVuZ0SVwIJs-/file" length="167746076" type="audio/mpeg"></enclosure>
    <itunes:image href="https://uc299379abc834b731cc6750923d.dl.dropboxusercontent.com/cd/0/inline/CtJFkBG1yweHrPEmBwNEbCEZpMgdICyldLimY_fFOlCdpxSqr-aIGb2fLqzFF613_7UYaaZyG1U7kE9kN-SaVZFcZYgtIg9C-qIRn-umO1ryNxkFtkgIp0LNkIu34-gLNvjY-65KrA9cxFt-NU_ornFe/file"></itunes:image>
    <description>Twitch https://twitch.tv/ThePrimeagen&#xA;Discord https://discord.gg/ThePrimeagen&#xA;&#xA;Become Backend Dev: https://boot.dev/prime&#xA;(plus i make courses for them)&#xA;&#xA;This is also the best way to support me is to support yourself becoming a better backend engineer.  &#xA;&#xA;### LINKS &#xA;https://www.youtube.com/watch?v=LCEmiRjPEtQ&#xA;&#xA;Great News?  Want me to research and create video????: https://www.reddit.com/r/ThePrimeagen&#xA;&#xA;Kinesis Advantage 360: https://bit.ly/Prime-Kinesis</description>
    <link></link>
    <pubDate>Thu, 03 Jul 2025 00:00:00 GMT</pubDate>
    <itunes:duration>2:01:04</itunes:duration>
    <itunes:explicit>no</itunes:explicit>
    <itunes:author>@ThePrimeTimeagen</itunes:author>
    <itunes:subtitle>Twitch https://twitch.tv/ThePrimeagen&#xA;Discord https://discord.gg/ThePrimeagen&#xA;&#xA;Become Backend Dev: https://boot.dev/prime&#xA;(plus i make courses for them)&#xA;&#xA;This is also the best way to support me is to support yourself becoming a better backend engineer.  &#xA;&#xA;### LINKS &#xA;https://www.youtube.com/watch?v=LCEmiRjPEtQ&#xA;&#xA;Great News?  Want me to research and create video????: https://www.reddit.com/r/ThePrimeagen&#xA;&#xA;Kinesis Advantage 360: https://bit.ly/Prime-Kinesis</itunes:subtitle>
    <itunes:summary></itunes:summary>
  </item>
  <language>English</language>
  <copyright></copyright>
  <itunes:author></itunes:author>
  <itunes:subtitle>name:name</itunes:subtitle>
  <itunes:summary>name:name</itunes:summary>
  <itunes:explicit>no</itunes:explicit>
  <itunes:category text="Technology"></itunes:category>
  <itunes:owner>
    <itunes:name></itunes:name>
    <itunes:email></itunes:email>
  </itunes:owner>
</channel>
</rss>