<?xml version="1.0" encoding="UTF-8"?>
<rss xmlns:itunes="http://www.itunes.com/dtds/podcast-1.0.dtd" xmlns:podcast="https://podcastindex.org/namespace/1.0" version="2.0">
  <channel>
  <id>72cdc1f9-834d-4826-9d23-c453de546e58</id>
  <title>test-1</title>
  <itunes:image href="https://uc57478f047dc65142d3c5f75c50.dl.dropboxusercontent.com/cd/0/inline/CtJvju55KSXWCqEjnPd5lHY2Fz8zxau0F0GHxrx5kT2VphcUukvr_21j710c4BzEVZxd7GBSGt_bY4BLFQche88Ku-dekLTURcL04M5HSDZWF2pfpO6dr5U3tDKg4MZAeJK_oDQugxDmCm8RjQT67asm/file"></itunes:image>
  <description>name:name</description>
  <item>
    <guid>dh6BCSzaF6g</guid>
    <title>WTF Typescript</title>
    <enclosure url="https://ucddce3adf1d9661c78fa83e1e0a.dl.dropboxusercontent.com/cd/0/inline/CtKX8FCAyRFo9WhDICLaSR079FXxvmxouH9SBfSnpjQ28Ytn6f3FBDwV1AbQmlBt2RGUSVxSCwRHXLVvDhtWs7JUijfsLhe8uhiwzTlU6NnMMS52EekCPwb_vE-WMrSdY1e6khbWqXkAQkkr3mBfXFO4/file" length="106722548" type="audio/mpeg"></enclosure>
    <itunes:image href="https://ucdff92ae12bb1d9ad9b5412b26c.dl.dropboxusercontent.com/cd/0/inline/CtIvF-2dAtIjKd8Wsf-fh8eP2e1KwY_11pGJ0uSysUFTQIaMA0wfXOMwYsKIh7mc7ImBO9ftv3iUrIPhEm0jeA5p6oz2x4A3ks8ioGQ7Gp-YENH2SyyZuypa4uRvJDdr3yX6HbbfT2ThwMNSl-ycIVVa/file"></itunes:image>
    <description>üîó Sponsored by Sentry https://sentry.io | Code breaks, fix it faster&#xA;&#xA;üìå Chapters:&#xA;&#xA;00:00:00 - Intro&#xA;00:00:42 - Who‚Äôs actually a ‚Äúweb developer‚Äù?&#xA;00:02:31 - Trash‚Äôs live intro &amp; TypeScript presentation setup&#xA;00:03:59 - Sentry #ad&#xA;00:04:38 - Excess property checks in TS&#xA;00:09:42 - WTF: Object spreads silence type errors&#xA;00:14:30 - React prop spreading madness&#xA;00:18:22 - Structural vs duck typing debate&#xA;00:24:00 - WTF: Enums and why everyone hates them&#xA;00:27:45 - Enum strings vs numbers behavior&#xA;00:33:10 - Why enums in Node are cursed&#xA;00:36:55 - Safer enum alternatives using const objects&#xA;00:43:10 - TS quirks: Boolean filter keeps undefined in types&#xA;00:46:40 - TSReset: The ‚ÄúCSS reset‚Äù for TypeScript&#xA;00:49:01 - WTF: Empty object {} lets everything through&#xA;00:52:32 - Doom rendered in TypeScript type system&#xA;00:54:00 - Type-level math in TS (it‚Äôs real)&#xA;00:56:33 - Scaling hell: TS performance bottlenecks&#xA;01:00:01 - Flamegraphs and fighting TS perf without docs&#xA;01:04:55 - TS inference vs explicit typing in large codebases&#xA;01:09:30 - Prime‚Äôs favorite TS bug strikes again&#xA;01:14:01 - Casey breaks down the compiler logic&#xA;01:17:50 - Is this a TypeScript bug or a feature?&#xA;01:22:44 - Final thoughts and community love&#xA;&#xA;---&#xA;&#xA;**Topics Covered:**&#xA;&#xA; ‚Ä¢ TypeScript excess property checks&#xA; ‚Ä¢ Enums vs object literals&#xA; ‚Ä¢ Structural vs duck typing&#xA; ‚Ä¢ TS compiler edge cases&#xA; ‚Ä¢ WTFs that break your mental model&#xA; ‚Ä¢ Type-level math&#xA; ‚Ä¢ Performance debugging hell&#xA; ‚Ä¢ Massive monorepo pain points&#xA; ‚Ä¢ The one TypeScript bug Prime can‚Äôt let go</description>
    <link>https://www.youtube.com/watch?v=dh6BCSzaF6g</link>
    <pubDate>Tue, 08 Jul 2025 00:00:00 GMT</pubDate>
    <itunes:duration>1:25:06</itunes:duration>
    <itunes:explicit>no</itunes:explicit>
    <itunes:author>@ThePrimeTimeagen</itunes:author>
    <itunes:subtitle>üîó Sponsored by Sentry https://sentry.io | Code breaks, fix it faster&#xA;&#xA;üìå Chapters:&#xA;&#xA;00:00:00 - Intro&#xA;00:00:42 - Who‚Äôs actually a ‚Äúweb developer‚Äù?&#xA;00:02:31 - Trash‚Äôs live intro &amp; TypeScript presentation setup&#xA;00:03:59 - Sentry #ad&#xA;00:04:38 - Excess property checks in TS&#xA;00:09:42 - WTF: Object spreads silence type errors&#xA;00:14:30 - React prop spreading madness&#xA;00:18:22 - Structural vs duck typing debate&#xA;00:24:00 - WTF: Enums and why everyone hates them&#xA;00:27:45 - Enum strings vs numbers behavior&#xA;00:33:10 - Why enums in Node are cursed&#xA;00:36:55 - Safer enum alternatives using const objects&#xA;00:43:10 - TS quirks: Boolean filter keeps undefined in types&#xA;00:46:40 - TSReset: The ‚ÄúCSS reset‚Äù for TypeScript&#xA;00:49:01 - WTF: Empty object {} lets everything through&#xA;00:52:32 - Doom rendered in TypeScript type system&#xA;00:54:00 - Type-level math in TS (it‚Äôs real)&#xA;00:56:33 - Scaling hell: TS performance bottlenecks&#xA;01:00:01 - Flamegraphs and fighting TS perf without docs&#xA;01:04:55 - TS inference vs explicit typing in large codebases&#xA;01:09:30 - Prime‚Äôs favorite TS bug strikes again&#xA;01:14:01 - Casey breaks down the compiler logic&#xA;01:17:50 - Is this a TypeScript bug or a feature?&#xA;01:22:44 - Final thoughts and community love&#xA;&#xA;---&#xA;&#xA;**Topics Covered:**&#xA;&#xA; ‚Ä¢ TypeScript excess property checks&#xA; ‚Ä¢ Enums vs object literals&#xA; ‚Ä¢ Structural vs duck typing&#xA; ‚Ä¢ TS compiler edge cases&#xA; ‚Ä¢ WTFs that break your mental model&#xA; ‚Ä¢ Type-level math&#xA; ‚Ä¢ Performance debugging hell&#xA; ‚Ä¢ Massive monorepo pain points&#xA; ‚Ä¢ The one TypeScript bug Prime can‚Äôt let go</itunes:subtitle>
    <itunes:summary></itunes:summary>
  </item>
  <item>
    <guid>vUvWTro5BiE</guid>
    <title>epstein harmed over 1,000 victims but no &#34;client list&#34;</title>
    <enclosure url="https://uca982d86bb51518398fa69858c9.dl.dropboxusercontent.com/cd/0/inline/CtLc-aUAZNYLHWXWVWktkgRlgwlugPW4qba5NmmZRHQ4_dwrFys2BjcHyyWfMbn6knBU138bQLGaL8CG85Hp8PxaUmK449BEtkjdSLp8XefOnASt9msHCtg9nbnUsxcCbx2Jo2R-bI3DqGTgIhCCFcAF/file" length="15926444" type="audio/mpeg"></enclosure>
    <itunes:image href="https://uc61375db9344a2cedc27ef6f021.dl.dropboxusercontent.com/cd/0/inline/CtKRLDKbhZR1Vy3Sts-W6AK79bSJTZwf9-NjwhtkWQZIK7paloQ2WyZ9_k68kuxQWKv6_UlwRoQrWDcDCCZFbyLoZi5KAG5D0_uT1oi_rDzCeBho74jcoR_0EStK8dX4MMpzXrmi4qvx8fzEQB13MHZA/file"></itunes:image>
    <description>scoop by axios: https://www.axios.com/2025/07/07/jeffrey-epstein-suicide-client-list-trump-administration&#xA;MERCH AVAILABLE TILL JULY 12th! - https://coffeezilla.store&#xA;&#xA;disclaimer (updated May 2025): voidzilla is an opinion‚Äëdriven channel that comments on the news of the day under the satirical and rhetorically hyperbolic banner ‚ÄúCRIME‚ÄØIS‚ÄØLEGAL.‚Äù‚ÄØthe phrase critiques what we see as a lax or uneven regulatory enforcement environment for fraud. unlike our affiliated channel Coffeezilla, which conducts detailed investigations and source‚Äëdocument deep dives, and draws opinions from that, voidzilla offers rapid‚Äëfire commentary and criticism on information already in the public domain. statements here reflect the host‚Äôs views at the moment of recording and may become outdated as facts evolve. references to ‚Äúcrime,‚Äù ‚Äúfraud,‚Äù ‚Äúscam,‚Äù or similar terms appear in a rhetorical hyperbolic context similar to ‚ÄúCRIME‚ÄØIS‚ÄØLEGAL.‚Äù‚ÄØunless we expressly state that a court has entered a final judgment, no segment should be read as a definitive finding of legal liability. viewers are urged to consult primary sources and form independent conclusions. production of this program is public‚Äëinterest commentary protected by the First Amendment and the Texas Citizens Participation Act (TCPA). &#xA;&#xA;anyone featured in this program who believes a material error has occured may contact our business email with supporting documentation under the SUBJECT: &#34;CORRECTION REQUEST&#34;. we will promptly review substantiated notices and, where appropriate, issue corrections or updates.</description>
    <link>https://www.youtube.com/watch?v=vUvWTro5BiE</link>
    <pubDate>Mon, 07 Jul 2025 00:00:00 GMT</pubDate>
    <itunes:duration>11:02</itunes:duration>
    <itunes:explicit>no</itunes:explicit>
    <itunes:author>@coffeezillaextras</itunes:author>
    <itunes:subtitle>scoop by axios: https://www.axios.com/2025/07/07/jeffrey-epstein-suicide-client-list-trump-administration&#xA;MERCH AVAILABLE TILL JULY 12th! - https://coffeezilla.store&#xA;&#xA;disclaimer (updated May 2025): voidzilla is an opinion‚Äëdriven channel that comments on the news of the day under the satirical and rhetorically hyperbolic banner ‚ÄúCRIME‚ÄØIS‚ÄØLEGAL.‚Äù‚ÄØthe phrase critiques what we see as a lax or uneven regulatory enforcement environment for fraud. unlike our affiliated channel Coffeezilla, which conducts detailed investigations and source‚Äëdocument deep dives, and draws opinions from that, voidzilla offers rapid‚Äëfire commentary and criticism on information already in the public domain. statements here reflect the host‚Äôs views at the moment of recording and may become outdated as facts evolve. references to ‚Äúcrime,‚Äù ‚Äúfraud,‚Äù ‚Äúscam,‚Äù or similar terms appear in a rhetorical hyperbolic context similar to ‚ÄúCRIME‚ÄØIS‚ÄØLEGAL.‚Äù‚ÄØunless we expressly state that a court has entered a final judgment, no segment should be read as a definitive finding of legal liability. viewers are urged to consult primary sources and form independent conclusions. production of this program is public‚Äëinterest commentary protected by the First Amendment and the Texas Citizens Participation Act (TCPA). &#xA;&#xA;anyone featured in this program who believes a material error has occured may contact our business email with supporting documentation under the SUBJECT: &#34;CORRECTION REQUEST&#34;. we will promptly review substantiated notices and, where appropriate, issue corrections or updates.</itunes:subtitle>
    <itunes:summary></itunes:summary>
  </item>
  <item>
    <guid>dEOh-NT7Umk</guid>
    <title>Elon Musk f*cked up real bad..</title>
    <enclosure url="https://ucea1a5faa36de8c44941bbdad67.dl.dropboxusercontent.com/cd/0/inline/CtI_ogmg2SqGXzr2C4X9lCHwGG_LkS7jfCx16f7OQmd2gWz_0p6UjZ4ZBPO-u3u2g7DAwKw7WPtOFquYTC7L0ltsHW3In7tSaEAbva1npPFF2vBN4dFKSqnipnAVZwqxPBHaS4QERTxJSNPJ6WFcZKK5/file" length="2024876" type="audio/mpeg"></enclosure>
    <itunes:image href="https://uca0030b0722d9f1b945c91bf15a.dl.dropboxusercontent.com/cd/0/inline/CtLuEdB-n9APp1Zg3vp8WHfiYKRm00CfA39HECpE4iKzBAL4zb71wK8wkZZlPvCtk7Cq2jb87XFCKgrii-ZVYeB3YQkpKWBoUfpgwfS0fL00A_FYbFE3VNmabCsDL-3mdSRZuint_tHrxBh7dhqd-GQ2/file"></itunes:image>
    <description>Asmongold Clips / Asmongold Reacts To: Grok 4&#xA;&#xA;&#xA;On this Asmongold Clips Youtube Channel you&#39;ll never quit finding all the funny Asmongold Moments with Mcconnell and the best Asmongold Highlights from the most popular games, like: Baldur&#39;s Gate 3, Helldivers 2, Starfield, Blizzard Diablo 4, The War Within &amp; Hardcore Classic WoW, the record breaking MMORPG FFXIV, Path of Exile 2, sneak peeks from Gameplay of the upcoming Riot MMO and playthroughs of many other popular games like Monster Hunter, Final Fantasy 16, Elden Ring and more. Also Asmongold Reacts to a lot of content, such as World Record Speed Run of games, Drama and videos of some of the most interesting creators like penguinz0, Internet Historian, Emiru, Dunkey and more. Asmon is also known for his &#34;The True Story of Asmongold&#34;, &#34;Asmongold $2 Pizza&#34; and &#34;Asmongold $2 Steak&#34;, &#34;Asmongold Room and House Tour&#34; videos, the legendary Transmog Competitions and Mount Off competitions, Ban Appeals, Media Share streams, Reddit Recap Reactions and much more.&#xA;&#xA;‚ñ∫ Asmongold TV: https://www.youtube.com/@AsmonTV&#xA;‚ñ∫ Twitch: https://www.twitch.tv/zackrawrr&#xA;&#xA;Editor: Daily Dose of Asmongold&#xA;Contacts: &#xA;https://twitter.com/DAsmongold&#xA;dailydoseofasmongoldyt@gmail.com</description>
    <link>https://www.youtube.com/watch?v=dEOh-NT7Umk</link>
    <pubDate>Wed, 09 Jul 2025 00:00:00 GMT</pubDate>
    <itunes:duration>1:17</itunes:duration>
    <itunes:explicit>no</itunes:explicit>
    <itunes:author>@AsmongoldClips</itunes:author>
    <itunes:subtitle>Asmongold Clips / Asmongold Reacts To: Grok 4&#xA;&#xA;&#xA;On this Asmongold Clips Youtube Channel you&#39;ll never quit finding all the funny Asmongold Moments with Mcconnell and the best Asmongold Highlights from the most popular games, like: Baldur&#39;s Gate 3, Helldivers 2, Starfield, Blizzard Diablo 4, The War Within &amp; Hardcore Classic WoW, the record breaking MMORPG FFXIV, Path of Exile 2, sneak peeks from Gameplay of the upcoming Riot MMO and playthroughs of many other popular games like Monster Hunter, Final Fantasy 16, Elden Ring and more. Also Asmongold Reacts to a lot of content, such as World Record Speed Run of games, Drama and videos of some of the most interesting creators like penguinz0, Internet Historian, Emiru, Dunkey and more. Asmon is also known for his &#34;The True Story of Asmongold&#34;, &#34;Asmongold $2 Pizza&#34; and &#34;Asmongold $2 Steak&#34;, &#34;Asmongold Room and House Tour&#34; videos, the legendary Transmog Competitions and Mount Off competitions, Ban Appeals, Media Share streams, Reddit Recap Reactions and much more.&#xA;&#xA;‚ñ∫ Asmongold TV: https://www.youtube.com/@AsmonTV&#xA;‚ñ∫ Twitch: https://www.twitch.tv/zackrawrr&#xA;&#xA;Editor: Daily Dose of Asmongold&#xA;Contacts: &#xA;https://twitter.com/DAsmongold&#xA;dailydoseofasmongoldyt@gmail.com</itunes:subtitle>
    <itunes:summary></itunes:summary>
  </item>
  <item>
    <guid>-_6dHIPVoTM</guid>
    <title>When being over-employed goes wrong...</title>
    <enclosure url="https://uc99f10a1f8c4d43f40f99eedf66.dl.dropboxusercontent.com/cd/0/inline/CtInfBeTmegjHcgkB5t8dxYcgHZBguk39osYTzPxiTFP_apmJca3_zG8czHZOReGplBt3cFCBLWYmDCJGt-AUweMG3E-EdDgwYv51vX6DuJvjDSMOjkXpcqWqQ3rwGJvooRB3rdvFVInLfWPgdR1fRhH/file" length="5743964" type="audio/mpeg"></enclosure>
    <itunes:image href="https://ucf478dc1e0b11298d79b78ed4f5.dl.dropboxusercontent.com/cd/0/inline/CtJklWx7Tc9ecMrzzsreB2P3lHIkVnj1nKNggA9KsdNgL7S-UOBcLU04bscV29P8SKKAFIhHoZmgoVBgDcB1MRNNi27kmtkqkstAEqYmJ7sShc8ZxMr4yTVaNukhE3LfaewwvGfw2j1CuAmP_qOle4vz/file"></itunes:image>
    <description>Get the free 80,000 hours career guide https://80000hours.org/fireship&#xA;&#xA;The programming job market has been stuck in feast or famine for several years now. But one man has found a 10x exploit to turn remote work into a multithreaded concurrent career. In today&#39;s video, we&#39;ll look at how Soham Parekh broke the internet by being chronically over-employed.&#xA;&#xA;#tech #bigtech #coding #programming &#xA;&#xA;üí¨ Chat with Me on Discord&#xA;&#xA;https://discord.gg/fireship&#xA;&#xA;üî• Get More Content - Upgrade to PRO&#xA;&#xA;Upgrade at https://fireship.io/pro&#xA;Use code YT25 for 25% off PRO access &#xA;&#xA;üé® My Editor Settings&#xA;&#xA;- Atom One Dark &#xA;- vscode-icons&#xA;- Fira Code Font&#xA;&#xA;üîñ Topics Covered&#xA;- The state of the tech job market&#xA;- How Soham Parekh kept getting hired</description>
    <link>https://www.youtube.com/watch?v=-_6dHIPVoTM</link>
    <pubDate>Mon, 07 Jul 2025 00:00:00 GMT</pubDate>
    <itunes:duration>4:07</itunes:duration>
    <itunes:explicit>no</itunes:explicit>
    <itunes:author>@Fireship</itunes:author>
    <itunes:subtitle>Get the free 80,000 hours career guide https://80000hours.org/fireship&#xA;&#xA;The programming job market has been stuck in feast or famine for several years now. But one man has found a 10x exploit to turn remote work into a multithreaded concurrent career. In today&#39;s video, we&#39;ll look at how Soham Parekh broke the internet by being chronically over-employed.&#xA;&#xA;#tech #bigtech #coding #programming &#xA;&#xA;üí¨ Chat with Me on Discord&#xA;&#xA;https://discord.gg/fireship&#xA;&#xA;üî• Get More Content - Upgrade to PRO&#xA;&#xA;Upgrade at https://fireship.io/pro&#xA;Use code YT25 for 25% off PRO access &#xA;&#xA;üé® My Editor Settings&#xA;&#xA;- Atom One Dark &#xA;- vscode-icons&#xA;- Fira Code Font&#xA;&#xA;üîñ Topics Covered&#xA;- The state of the tech job market&#xA;- How Soham Parekh kept getting hired</itunes:subtitle>
    <itunes:summary></itunes:summary>
  </item>
  <language>English</language>
  <copyright></copyright>
  <itunes:author></itunes:author>
  <itunes:subtitle>name:name</itunes:subtitle>
  <itunes:summary>name:name</itunes:summary>
  <itunes:explicit>no</itunes:explicit>
  <itunes:category text="Technology"></itunes:category>
  <itunes:owner>
    <itunes:name></itunes:name>
    <itunes:email></itunes:email>
  </itunes:owner>
</channel>
</rss>