<?xml version="1.0" encoding="UTF-8"?>
<rss xmlns:itunes="http://www.itunes.com/dtds/podcast-1.0.dtd" xmlns:podcast="https://podcastindex.org/namespace/1.0" version="2.0">
  <channel>
  <id>911488bd-5d6d-49b5-a684-696c649fb779</id>
  <title>test-1</title>
  <itunes:image href="https://uc690fd30c9fed44e7688dbabd8f.dl.dropboxusercontent.com/cd/0/inline/CtIGSyrN0o9S0mvwiqovwnEr03BDB3d2-IBMSM7iklQp1Y-5BkmIqqz7ENmHiBguLy_X35B6F-YSHbM7qXqJym-94IuPnDPStRPWY3Xe2ke54VBpLkR5xV_ZFrzWhj8ZAVjztVjr08slxHG3vcOccsYD/file"></itunes:image>
  <description>name:name</description>
  <item>
    <guid>x-zGL8SzqjM</guid>
    <title>Herman Lie | Wicked Game (Chris Isaak) | Blind auditions | The Voice Norway 2025</title>
    <enclosure url="https://uc727da26defde92b0d604f120a7.dl.dropboxusercontent.com/cd/0/inline/CtIeioutAYEjsI4aPKZqi5gek8ulBe7lNadKC2ioSc3z_gvj4jbvsJ6rhrOJI02Yu0hH17sJD7WqVyk73hVNySe-Atz6Mgn5Fls0VmRODqv4FbDEDv9bN1SLEvq2Xn_KUZTJcXpvW1gVhQmd5DRcAB0T/file" length="4331756" type="audio/mpeg"></enclosure>
    <itunes:image href="https://ucd85f8b3c88009c9bf125de8ba6.dl.dropboxusercontent.com/cd/0/inline/CtJWopNbjRa1G-S-sSFVSoR0E6P4AvoBVhJ_1nmS-2MZ6AEIpA8fpN00c6wljuCaWkxGqxn6sGG5alU0fUizQEbKgV2Eb8lwCBHRlJwJjCz-A2NjgIrxPZDYyNl3-n2nxO2YclHbn4MUTrs2njJL7A5h/file"></itunes:image>
    <description>Song: &#34;Wicked Game&#34;&#xA;Artist: Herman Lie&#xA;Composer/copywriter: C. Isaak&#xA;Band: Hugo Risdal (gitar), Eiolf Ødegård (keys), Fredrik Karlsen (bass), Kristian Tybakken (drums)&#xA;&#xA;#TheVoice #Norway&#xA;» Subscribe on The Voice – Norges beste stemme: https://bit.ly/2JmvnR9&#xA;» Listen to the songs from The Voice Norge 2025 on&#xA; Spotify: https://TheVoiceNorge.lnk.to/2025&#xA;» Watch the episodes on: https://play.tv2.no/&#xA;&#xA;Follow The Voice Norway on social meia:&#xA;Facebook: https://www.facebook.com/TheVoiceNorge/&#xA;Instagram: https://www.instagram.com/thevoicenorge/&#xA;&#xA;Follow TV2 on soscial media;&#xA;YouTube: https://www.youtube.com/tv2&#xA;Facebook: https://www.facebook.com/tv2norge/&#xA;Instagram: https://www.instagram.com/tv2norge/&#xA;Twitter: https://twitter.com/tv2norge&#xA;Snapchat: tv2offisiell</description>
    <link>https://www.youtube.com/watch?v=x-zGL8SzqjM</link>
    <pubDate>Fri, 10 Jan 2025 00:00:00 GMT</pubDate>
    <itunes:duration>2:20</itunes:duration>
    <itunes:explicit>no</itunes:explicit>
    <itunes:author>@TheVoiceNorway</itunes:author>
    <itunes:subtitle>Song: &#34;Wicked Game&#34;&#xA;Artist: Herman Lie&#xA;Composer/copywriter: C. Isaak&#xA;Band: Hugo Risdal (gitar), Eiolf Ødegård (keys), Fredrik Karlsen (bass), Kristian Tybakken (drums)&#xA;&#xA;#TheVoice #Norway&#xA;» Subscribe on The Voice – Norges beste stemme: https://bit.ly/2JmvnR9&#xA;» Listen to the songs from The Voice Norge 2025 on&#xA; Spotify: https://TheVoiceNorge.lnk.to/2025&#xA;» Watch the episodes on: https://play.tv2.no/&#xA;&#xA;Follow The Voice Norway on social meia:&#xA;Facebook: https://www.facebook.com/TheVoiceNorge/&#xA;Instagram: https://www.instagram.com/thevoicenorge/&#xA;&#xA;Follow TV2 on soscial media;&#xA;YouTube: https://www.youtube.com/tv2&#xA;Facebook: https://www.facebook.com/tv2norge/&#xA;Instagram: https://www.instagram.com/tv2norge/&#xA;Twitter: https://twitter.com/tv2norge&#xA;Snapchat: tv2offisiell</itunes:subtitle>
    <itunes:summary></itunes:summary>
  </item>
  <language>English</language>
  <copyright></copyright>
  <itunes:author></itunes:author>
  <itunes:subtitle>name:name</itunes:subtitle>
  <itunes:summary>name:name</itunes:summary>
  <itunes:explicit>no</itunes:explicit>
  <itunes:category text="Technology"></itunes:category>
  <itunes:owner>
    <itunes:name></itunes:name>
    <itunes:email></itunes:email>
  </itunes:owner>
</channel>
</rss>