<?xml version="1.0" encoding="UTF-8"?>
<rss xmlns:itunes="http://www.itunes.com/dtds/podcast-1.0.dtd" xmlns:podcast="https://podcastindex.org/namespace/1.0" version="2.0">
  <channel>
  <id>cf56e9f9-b70c-43a2-aafb-c66581618e1b</id>
  <title>test-1</title>
  <itunes:image href=""></itunes:image>
  <description>test1</description>
  <item>
    <guid>3-G3MrdNIQk</guid>
    <title>a cover of Budapest !!</title>
    <enclosure url="https://archive.org/download/manlas_tubecast/audio_test-1_3-G3MrdNIQk.mp3" length="4241156" type="audio/mpeg"></enclosure>
    <itunes:image href="https://archive.org/download/manlas_tubecast/thumbnail_test-1_3-G3MrdNIQk.png"></itunes:image>
    <description>hii guys!! I had footage still from my most recent trip and figured this song was perfect for it. ALSO, I just announced a small European tour next November supporting Bertie Newman, and couldn&#39;t be more excited to perform for the first time in Europe :) tickets are available with the link below and you can follow my Instagram for more updates! I guess that&#39;s it for now, take care and hope you enjoy xx&#xA;https://linktr.ee/mariannebeaulieu&#xA;&#xA;#cover #cinematic #budapest #travel #acoustic</description>
    <link>https://www.youtube.com/watch?v=3-G3MrdNIQk</link>
    <pubDate>Mon, 07 Jul 2025 00:00:00 GMT</pubDate>
    <itunes:duration>3:05</itunes:duration>
    <itunes:explicit>no</itunes:explicit>
    <itunes:author>@marianneBL</itunes:author>
    <itunes:subtitle>hii guys!! I had footage still from my most recent trip and figured this song was perfect for it. ALSO, I just announced a small European tour next November supporting Bertie Newman, and couldn&#39;t be more excited to perform for the first time in Europe :) tickets are available with the link below and you can follow my Instagram for more updates! I guess that&#39;s it for now, take care and hope you enjoy xx&#xA;https://linktr.ee/mariannebeaulieu&#xA;&#xA;#cover #cinematic #budapest #travel #acoustic</itunes:subtitle>
    <itunes:summary></itunes:summary>
  </item>
  <item>
    <guid>1-ywtRKsf94</guid>
    <title>Tate McRae - Just Keep Watching (From F1® The Movie) (Behind The Scenes)</title>
    <enclosure url="https://archive.org/download/manlas_tubecast/audio_test-1_1-ywtRKsf94.mp3" length="4830668" type="audio/mpeg"></enclosure>
    <itunes:image href="https://archive.org/download/manlas_tubecast/thumbnail_test-1_1-ywtRKsf94.png"></itunes:image>
    <description>Stream ‘Just Keep Watching’: https://f1thealbum.lnk.to/justkeepwat... &#xA;&#xA;Pre-Order F1 The Album: https://f1.lnk.to/Store&#xA;&#xA;Follow Tate:&#xA;Instagram:   / tatemcrae  &#xA;TikTok:   / tatemcrae  &#xA;Facebook:   / tatemcraeofficial  &#xA;X: https://x.com/tatemcrae&#xA;&#xA;Follow T8HQ:&#xA;Instagram:   / t8hq  &#xA;TikTok:   / t8hq  &#xA;YouTube:    / @t8hq   &#xA;Threads: https://www.threads.net/@t8hq&#xA;&#xA;Edited by Ava Lamb</description>
    <link>https://www.youtube.com/watch?v=1-ywtRKsf94</link>
    <pubDate>Mon, 09 Jun 2025 00:00:00 GMT</pubDate>
    <itunes:duration>2:35</itunes:duration>
    <itunes:explicit>no</itunes:explicit>
    <itunes:author>TateMcRae</itunes:author>
    <itunes:subtitle>Stream ‘Just Keep Watching’: https://f1thealbum.lnk.to/justkeepwat... &#xA;&#xA;Pre-Order F1 The Album: https://f1.lnk.to/Store&#xA;&#xA;Follow Tate:&#xA;Instagram:   / tatemcrae  &#xA;TikTok:   / tatemcrae  &#xA;Facebook:   / tatemcraeofficial  &#xA;X: https://x.com/tatemcrae&#xA;&#xA;Follow T8HQ:&#xA;Instagram:   / t8hq  &#xA;TikTok:   / t8hq  &#xA;YouTube:    / @t8hq   &#xA;Threads: https://www.threads.net/@t8hq&#xA;&#xA;Edited by Ava Lamb</itunes:subtitle>
    <itunes:summary></itunes:summary>
  </item>
  <language>English</language>
  <copyright>fitrahhaque</copyright>
  <itunes:author></itunes:author>
  <itunes:subtitle>test1</itunes:subtitle>
  <itunes:summary>test1</itunes:summary>
  <itunes:explicit>no</itunes:explicit>
  <itunes:category text="Technology"></itunes:category>
  <itunes:owner>
    <itunes:name></itunes:name>
    <itunes:email></itunes:email>
  </itunes:owner>
</channel>
</rss>