<?xml version="1.0" encoding="UTF-8"?>
<rss xmlns:itunes="http://www.itunes.com/dtds/podcast-1.0.dtd" xmlns:podcast="https://podcastindex.org/namespace/1.0" version="2.0">
  <channel>
  <id>bab9ffdb-f1a2-4376-868a-cdbb7a4889b9</id>
  <title>test-1</title>
  <itunes:image href=""></itunes:image>
  <description>name:name</description>
  <item>
    <guid>hEIBsqP63Pg</guid>
    <title>Did Zig Fix Async / Await?</title>
    <enclosure url="https://ia600909.us.archive.org/35/items/fitrahhaque_tubecast/audio_test-1_hEIBsqP63Pg.mp3" length="49197116" type="audio/mpeg"></enclosure>
    <itunes:image href="https://ia800909.us.archive.org/35/items/fitrahhaque_tubecast/thumbnail_test-1_hEIBsqP63Pg.png"></itunes:image>
    <description>Twitch https://twitch.tv/ThePrimeagen&#xA;Discord https://discord.gg/ThePrimeagen&#xA;&#xA;Become Backend Dev: https://boot.dev/prime&#xA;(plus i make courses for them)&#xA;&#xA;This is also the best way to support me is to support yourself becoming a better backend engineer.  &#xA;&#xA;### LINKS &#xA;https://www.youtube.com/watch?v=x3hOiOcbgeA&#xA;&#xA;Great News?  Want me to research and create video????: https://www.reddit.com/r/ThePrimeagen&#xA;&#xA;Kinesis Advantage 360: https://bit.ly/Prime-Kinesis</description>
    <link>https://www.youtube.com/watch?v=hEIBsqP63Pg</link>
    <pubDate>Thu, 10 Jul 2025 00:00:00 GMT</pubDate>
    <itunes:duration>34:37</itunes:duration>
    <itunes:explicit>no</itunes:explicit>
    <itunes:author>@ThePrimeTimeagen</itunes:author>
    <itunes:subtitle>Twitch https://twitch.tv/ThePrimeagen&#xA;Discord https://discord.gg/ThePrimeagen&#xA;&#xA;Become Backend Dev: https://boot.dev/prime&#xA;(plus i make courses for them)&#xA;&#xA;This is also the best way to support me is to support yourself becoming a better backend engineer.  &#xA;&#xA;### LINKS &#xA;https://www.youtube.com/watch?v=x3hOiOcbgeA&#xA;&#xA;Great News?  Want me to research and create video????: https://www.reddit.com/r/ThePrimeagen&#xA;&#xA;Kinesis Advantage 360: https://bit.ly/Prime-Kinesis</itunes:subtitle>
    <itunes:summary></itunes:summary>
  </item>
  <language>English</language>
  <copyright></copyright>
  <itunes:author></itunes:author>
  <itunes:subtitle></itunes:subtitle>
  <itunes:summary>name:name</itunes:summary>
  <itunes:explicit>no</itunes:explicit>
  <itunes:category text="Technology"></itunes:category>
  <itunes:owner>
    <itunes:name></itunes:name>
    <itunes:email></itunes:email>
  </itunes:owner>
</channel>
</rss>