<?xml version="1.0" encoding="UTF-8"?>
<rss xmlns:itunes="http://www.itunes.com/dtds/podcast-1.0.dtd" xmlns:podcast="https://podcastindex.org/namespace/1.0" version="2.0">
  <channel>
  <id>72cdc1f9-834d-4826-9d23-c453de546e58</id>
  <title>test-1</title>
  <itunes:image href="https://uc57478f047dc65142d3c5f75c50.dl.dropboxusercontent.com/cd/0/inline/CtJvju55KSXWCqEjnPd5lHY2Fz8zxau0F0GHxrx5kT2VphcUukvr_21j710c4BzEVZxd7GBSGt_bY4BLFQche88Ku-dekLTURcL04M5HSDZWF2pfpO6dr5U3tDKg4MZAeJK_oDQugxDmCm8RjQT67asm/file"></itunes:image>
  <description>name:name</description>
  <item>
    <guid>dh6BCSzaF6g</guid>
    <title>WTF Typescript</title>
    <enclosure url="https://ucddce3adf1d9661c78fa83e1e0a.dl.dropboxusercontent.com/cd/0/inline/CtKX8FCAyRFo9WhDICLaSR079FXxvmxouH9SBfSnpjQ28Ytn6f3FBDwV1AbQmlBt2RGUSVxSCwRHXLVvDhtWs7JUijfsLhe8uhiwzTlU6NnMMS52EekCPwb_vE-WMrSdY1e6khbWqXkAQkkr3mBfXFO4/file" length="106722548" type="audio/mpeg"></enclosure>
    <itunes:image href="https://ucdff92ae12bb1d9ad9b5412b26c.dl.dropboxusercontent.com/cd/0/inline/CtIvF-2dAtIjKd8Wsf-fh8eP2e1KwY_11pGJ0uSysUFTQIaMA0wfXOMwYsKIh7mc7ImBO9ftv3iUrIPhEm0jeA5p6oz2x4A3ks8ioGQ7Gp-YENH2SyyZuypa4uRvJDdr3yX6HbbfT2ThwMNSl-ycIVVa/file"></itunes:image>
    <description>üîó Sponsored by Sentry https://sentry.io | Code breaks, fix it faster&#xA;&#xA;üìå Chapters:&#xA;&#xA;00:00:00 - Intro&#xA;00:00:42 - Who‚Äôs actually a ‚Äúweb developer‚Äù?&#xA;00:02:31 - Trash‚Äôs live intro &amp; TypeScript presentation setup&#xA;00:03:59 - Sentry #ad&#xA;00:04:38 - Excess property checks in TS&#xA;00:09:42 - WTF: Object spreads silence type errors&#xA;00:14:30 - React prop spreading madness&#xA;00:18:22 - Structural vs duck typing debate&#xA;00:24:00 - WTF: Enums and why everyone hates them&#xA;00:27:45 - Enum strings vs numbers behavior&#xA;00:33:10 - Why enums in Node are cursed&#xA;00:36:55 - Safer enum alternatives using const objects&#xA;00:43:10 - TS quirks: Boolean filter keeps undefined in types&#xA;00:46:40 - TSReset: The ‚ÄúCSS reset‚Äù for TypeScript&#xA;00:49:01 - WTF: Empty object {} lets everything through&#xA;00:52:32 - Doom rendered in TypeScript type system&#xA;00:54:00 - Type-level math in TS (it‚Äôs real)&#xA;00:56:33 - Scaling hell: TS performance bottlenecks&#xA;01:00:01 - Flamegraphs and fighting TS perf without docs&#xA;01:04:55 - TS inference vs explicit typing in large codebases&#xA;01:09:30 - Prime‚Äôs favorite TS bug strikes again&#xA;01:14:01 - Casey breaks down the compiler logic&#xA;01:17:50 - Is this a TypeScript bug or a feature?&#xA;01:22:44 - Final thoughts and community love&#xA;&#xA;---&#xA;&#xA;**Topics Covered:**&#xA;&#xA; ‚Ä¢ TypeScript excess property checks&#xA; ‚Ä¢ Enums vs object literals&#xA; ‚Ä¢ Structural vs duck typing&#xA; ‚Ä¢ TS compiler edge cases&#xA; ‚Ä¢ WTFs that break your mental model&#xA; ‚Ä¢ Type-level math&#xA; ‚Ä¢ Performance debugging hell&#xA; ‚Ä¢ Massive monorepo pain points&#xA; ‚Ä¢ The one TypeScript bug Prime can‚Äôt let go</description>
    <link>https://www.youtube.com/watch?v=dh6BCSzaF6g</link>
    <pubDate>Tue, 08 Jul 2025 00:00:00 GMT</pubDate>
    <itunes:duration>1:25:06</itunes:duration>
    <itunes:explicit>no</itunes:explicit>
    <itunes:author>@ThePrimeTimeagen</itunes:author>
    <itunes:subtitle>üîó Sponsored by Sentry https://sentry.io | Code breaks, fix it faster&#xA;&#xA;üìå Chapters:&#xA;&#xA;00:00:00 - Intro&#xA;00:00:42 - Who‚Äôs actually a ‚Äúweb developer‚Äù?&#xA;00:02:31 - Trash‚Äôs live intro &amp; TypeScript presentation setup&#xA;00:03:59 - Sentry #ad&#xA;00:04:38 - Excess property checks in TS&#xA;00:09:42 - WTF: Object spreads silence type errors&#xA;00:14:30 - React prop spreading madness&#xA;00:18:22 - Structural vs duck typing debate&#xA;00:24:00 - WTF: Enums and why everyone hates them&#xA;00:27:45 - Enum strings vs numbers behavior&#xA;00:33:10 - Why enums in Node are cursed&#xA;00:36:55 - Safer enum alternatives using const objects&#xA;00:43:10 - TS quirks: Boolean filter keeps undefined in types&#xA;00:46:40 - TSReset: The ‚ÄúCSS reset‚Äù for TypeScript&#xA;00:49:01 - WTF: Empty object {} lets everything through&#xA;00:52:32 - Doom rendered in TypeScript type system&#xA;00:54:00 - Type-level math in TS (it‚Äôs real)&#xA;00:56:33 - Scaling hell: TS performance bottlenecks&#xA;01:00:01 - Flamegraphs and fighting TS perf without docs&#xA;01:04:55 - TS inference vs explicit typing in large codebases&#xA;01:09:30 - Prime‚Äôs favorite TS bug strikes again&#xA;01:14:01 - Casey breaks down the compiler logic&#xA;01:17:50 - Is this a TypeScript bug or a feature?&#xA;01:22:44 - Final thoughts and community love&#xA;&#xA;---&#xA;&#xA;**Topics Covered:**&#xA;&#xA; ‚Ä¢ TypeScript excess property checks&#xA; ‚Ä¢ Enums vs object literals&#xA; ‚Ä¢ Structural vs duck typing&#xA; ‚Ä¢ TS compiler edge cases&#xA; ‚Ä¢ WTFs that break your mental model&#xA; ‚Ä¢ Type-level math&#xA; ‚Ä¢ Performance debugging hell&#xA; ‚Ä¢ Massive monorepo pain points&#xA; ‚Ä¢ The one TypeScript bug Prime can‚Äôt let go</itunes:subtitle>
    <itunes:summary></itunes:summary>
  </item>
  <item>
    <guid>vUvWTro5BiE</guid>
    <title>epstein harmed over 1,000 victims but no &#34;client list&#34;</title>
    <enclosure url="https://uca982d86bb51518398fa69858c9.dl.dropboxusercontent.com/cd/0/inline/CtLc-aUAZNYLHWXWVWktkgRlgwlugPW4qba5NmmZRHQ4_dwrFys2BjcHyyWfMbn6knBU138bQLGaL8CG85Hp8PxaUmK449BEtkjdSLp8XefOnASt9msHCtg9nbnUsxcCbx2Jo2R-bI3DqGTgIhCCFcAF/file" length="15926444" type="audio/mpeg"></enclosure>
    <itunes:image href="https://uc61375db9344a2cedc27ef6f021.dl.dropboxusercontent.com/cd/0/inline/CtKRLDKbhZR1Vy3Sts-W6AK79bSJTZwf9-NjwhtkWQZIK7paloQ2WyZ9_k68kuxQWKv6_UlwRoQrWDcDCCZFbyLoZi5KAG5D0_uT1oi_rDzCeBho74jcoR_0EStK8dX4MMpzXrmi4qvx8fzEQB13MHZA/file"></itunes:image>
    <description>scoop by axios: https://www.axios.com/2025/07/07/jeffrey-epstein-suicide-client-list-trump-administration&#xA;MERCH AVAILABLE TILL JULY 12th! - https://coffeezilla.store&#xA;&#xA;disclaimer (updated May 2025): voidzilla is an opinion‚Äëdriven channel that comments on the news of the day under the satirical and rhetorically hyperbolic banner ‚ÄúCRIME‚ÄØIS‚ÄØLEGAL.‚Äù‚ÄØthe phrase critiques what we see as a lax or uneven regulatory enforcement environment for fraud. unlike our affiliated channel Coffeezilla, which conducts detailed investigations and source‚Äëdocument deep dives, and draws opinions from that, voidzilla offers rapid‚Äëfire commentary and criticism on information already in the public domain. statements here reflect the host‚Äôs views at the moment of recording and may become outdated as facts evolve. references to ‚Äúcrime,‚Äù ‚Äúfraud,‚Äù ‚Äúscam,‚Äù or similar terms appear in a rhetorical hyperbolic context similar to ‚ÄúCRIME‚ÄØIS‚ÄØLEGAL.‚Äù‚ÄØunless we expressly state that a court has entered a final judgment, no segment should be read as a definitive finding of legal liability. viewers are urged to consult primary sources and form independent conclusions. production of this program is public‚Äëinterest commentary protected by the First Amendment and the Texas Citizens Participation Act (TCPA). &#xA;&#xA;anyone featured in this program who believes a material error has occured may contact our business email with supporting documentation under the SUBJECT: &#34;CORRECTION REQUEST&#34;. we will promptly review substantiated notices and, where appropriate, issue corrections or updates.</description>
    <link>https://www.youtube.com/watch?v=vUvWTro5BiE</link>
    <pubDate>Mon, 07 Jul 2025 00:00:00 GMT</pubDate>
    <itunes:duration>11:02</itunes:duration>
    <itunes:explicit>no</itunes:explicit>
    <itunes:author>@coffeezillaextras</itunes:author>
    <itunes:subtitle>scoop by axios: https://www.axios.com/2025/07/07/jeffrey-epstein-suicide-client-list-trump-administration&#xA;MERCH AVAILABLE TILL JULY 12th! - https://coffeezilla.store&#xA;&#xA;disclaimer (updated May 2025): voidzilla is an opinion‚Äëdriven channel that comments on the news of the day under the satirical and rhetorically hyperbolic banner ‚ÄúCRIME‚ÄØIS‚ÄØLEGAL.‚Äù‚ÄØthe phrase critiques what we see as a lax or uneven regulatory enforcement environment for fraud. unlike our affiliated channel Coffeezilla, which conducts detailed investigations and source‚Äëdocument deep dives, and draws opinions from that, voidzilla offers rapid‚Äëfire commentary and criticism on information already in the public domain. statements here reflect the host‚Äôs views at the moment of recording and may become outdated as facts evolve. references to ‚Äúcrime,‚Äù ‚Äúfraud,‚Äù ‚Äúscam,‚Äù or similar terms appear in a rhetorical hyperbolic context similar to ‚ÄúCRIME‚ÄØIS‚ÄØLEGAL.‚Äù‚ÄØunless we expressly state that a court has entered a final judgment, no segment should be read as a definitive finding of legal liability. viewers are urged to consult primary sources and form independent conclusions. production of this program is public‚Äëinterest commentary protected by the First Amendment and the Texas Citizens Participation Act (TCPA). &#xA;&#xA;anyone featured in this program who believes a material error has occured may contact our business email with supporting documentation under the SUBJECT: &#34;CORRECTION REQUEST&#34;. we will promptly review substantiated notices and, where appropriate, issue corrections or updates.</itunes:subtitle>
    <itunes:summary></itunes:summary>
  </item>
  <item>
    <guid>dEOh-NT7Umk</guid>
    <title>Elon Musk f*cked up real bad..</title>
    <enclosure url="https://ucea1a5faa36de8c44941bbdad67.dl.dropboxusercontent.com/cd/0/inline/CtI_ogmg2SqGXzr2C4X9lCHwGG_LkS7jfCx16f7OQmd2gWz_0p6UjZ4ZBPO-u3u2g7DAwKw7WPtOFquYTC7L0ltsHW3In7tSaEAbva1npPFF2vBN4dFKSqnipnAVZwqxPBHaS4QERTxJSNPJ6WFcZKK5/file" length="2024876" type="audio/mpeg"></enclosure>
    <itunes:image href="https://uca0030b0722d9f1b945c91bf15a.dl.dropboxusercontent.com/cd/0/inline/CtLuEdB-n9APp1Zg3vp8WHfiYKRm00CfA39HECpE4iKzBAL4zb71wK8wkZZlPvCtk7Cq2jb87XFCKgrii-ZVYeB3YQkpKWBoUfpgwfS0fL00A_FYbFE3VNmabCsDL-3mdSRZuint_tHrxBh7dhqd-GQ2/file"></itunes:image>
    <description>Asmongold Clips / Asmongold Reacts To: Grok 4&#xA;&#xA;&#xA;On this Asmongold Clips Youtube Channel you&#39;ll never quit finding all the funny Asmongold Moments with Mcconnell and the best Asmongold Highlights from the most popular games, like: Baldur&#39;s Gate 3, Helldivers 2, Starfield, Blizzard Diablo 4, The War Within &amp; Hardcore Classic WoW, the record breaking MMORPG FFXIV, Path of Exile 2, sneak peeks from Gameplay of the upcoming Riot MMO and playthroughs of many other popular games like Monster Hunter, Final Fantasy 16, Elden Ring and more. Also Asmongold Reacts to a lot of content, such as World Record Speed Run of games, Drama and videos of some of the most interesting creators like penguinz0, Internet Historian, Emiru, Dunkey and more. Asmon is also known for his &#34;The True Story of Asmongold&#34;, &#34;Asmongold $2 Pizza&#34; and &#34;Asmongold $2 Steak&#34;, &#34;Asmongold Room and House Tour&#34; videos, the legendary Transmog Competitions and Mount Off competitions, Ban Appeals, Media Share streams, Reddit Recap Reactions and much more.&#xA;&#xA;‚ñ∫ Asmongold TV: https://www.youtube.com/@AsmonTV&#xA;‚ñ∫ Twitch: https://www.twitch.tv/zackrawrr&#xA;&#xA;Editor: Daily Dose of Asmongold&#xA;Contacts: &#xA;https://twitter.com/DAsmongold&#xA;dailydoseofasmongoldyt@gmail.com</description>
    <link>https://www.youtube.com/watch?v=dEOh-NT7Umk</link>
    <pubDate>Wed, 09 Jul 2025 00:00:00 GMT</pubDate>
    <itunes:duration>1:17</itunes:duration>
    <itunes:explicit>no</itunes:explicit>
    <itunes:author>@AsmongoldClips</itunes:author>
    <itunes:subtitle>Asmongold Clips / Asmongold Reacts To: Grok 4&#xA;&#xA;&#xA;On this Asmongold Clips Youtube Channel you&#39;ll never quit finding all the funny Asmongold Moments with Mcconnell and the best Asmongold Highlights from the most popular games, like: Baldur&#39;s Gate 3, Helldivers 2, Starfield, Blizzard Diablo 4, The War Within &amp; Hardcore Classic WoW, the record breaking MMORPG FFXIV, Path of Exile 2, sneak peeks from Gameplay of the upcoming Riot MMO and playthroughs of many other popular games like Monster Hunter, Final Fantasy 16, Elden Ring and more. Also Asmongold Reacts to a lot of content, such as World Record Speed Run of games, Drama and videos of some of the most interesting creators like penguinz0, Internet Historian, Emiru, Dunkey and more. Asmon is also known for his &#34;The True Story of Asmongold&#34;, &#34;Asmongold $2 Pizza&#34; and &#34;Asmongold $2 Steak&#34;, &#34;Asmongold Room and House Tour&#34; videos, the legendary Transmog Competitions and Mount Off competitions, Ban Appeals, Media Share streams, Reddit Recap Reactions and much more.&#xA;&#xA;‚ñ∫ Asmongold TV: https://www.youtube.com/@AsmonTV&#xA;‚ñ∫ Twitch: https://www.twitch.tv/zackrawrr&#xA;&#xA;Editor: Daily Dose of Asmongold&#xA;Contacts: &#xA;https://twitter.com/DAsmongold&#xA;dailydoseofasmongoldyt@gmail.com</itunes:subtitle>
    <itunes:summary></itunes:summary>
  </item>
  <item>
    <guid>-_6dHIPVoTM</guid>
    <title>When being over-employed goes wrong...</title>
    <enclosure url="https://uc99f10a1f8c4d43f40f99eedf66.dl.dropboxusercontent.com/cd/0/inline/CtInfBeTmegjHcgkB5t8dxYcgHZBguk39osYTzPxiTFP_apmJca3_zG8czHZOReGplBt3cFCBLWYmDCJGt-AUweMG3E-EdDgwYv51vX6DuJvjDSMOjkXpcqWqQ3rwGJvooRB3rdvFVInLfWPgdR1fRhH/file" length="5743964" type="audio/mpeg"></enclosure>
    <itunes:image href="https://ucf478dc1e0b11298d79b78ed4f5.dl.dropboxusercontent.com/cd/0/inline/CtJklWx7Tc9ecMrzzsreB2P3lHIkVnj1nKNggA9KsdNgL7S-UOBcLU04bscV29P8SKKAFIhHoZmgoVBgDcB1MRNNi27kmtkqkstAEqYmJ7sShc8ZxMr4yTVaNukhE3LfaewwvGfw2j1CuAmP_qOle4vz/file"></itunes:image>
    <description>Get the free 80,000 hours career guide https://80000hours.org/fireship&#xA;&#xA;The programming job market has been stuck in feast or famine for several years now. But one man has found a 10x exploit to turn remote work into a multithreaded concurrent career. In today&#39;s video, we&#39;ll look at how Soham Parekh broke the internet by being chronically over-employed.&#xA;&#xA;#tech #bigtech #coding #programming &#xA;&#xA;üí¨ Chat with Me on Discord&#xA;&#xA;https://discord.gg/fireship&#xA;&#xA;üî• Get More Content - Upgrade to PRO&#xA;&#xA;Upgrade at https://fireship.io/pro&#xA;Use code YT25 for 25% off PRO access &#xA;&#xA;üé® My Editor Settings&#xA;&#xA;- Atom One Dark &#xA;- vscode-icons&#xA;- Fira Code Font&#xA;&#xA;üîñ Topics Covered&#xA;- The state of the tech job market&#xA;- How Soham Parekh kept getting hired</description>
    <link>https://www.youtube.com/watch?v=-_6dHIPVoTM</link>
    <pubDate>Mon, 07 Jul 2025 00:00:00 GMT</pubDate>
    <itunes:duration>4:07</itunes:duration>
    <itunes:explicit>no</itunes:explicit>
    <itunes:author>@Fireship</itunes:author>
    <itunes:subtitle>Get the free 80,000 hours career guide https://80000hours.org/fireship&#xA;&#xA;The programming job market has been stuck in feast or famine for several years now. But one man has found a 10x exploit to turn remote work into a multithreaded concurrent career. In today&#39;s video, we&#39;ll look at how Soham Parekh broke the internet by being chronically over-employed.&#xA;&#xA;#tech #bigtech #coding #programming &#xA;&#xA;üí¨ Chat with Me on Discord&#xA;&#xA;https://discord.gg/fireship&#xA;&#xA;üî• Get More Content - Upgrade to PRO&#xA;&#xA;Upgrade at https://fireship.io/pro&#xA;Use code YT25 for 25% off PRO access &#xA;&#xA;üé® My Editor Settings&#xA;&#xA;- Atom One Dark &#xA;- vscode-icons&#xA;- Fira Code Font&#xA;&#xA;üîñ Topics Covered&#xA;- The state of the tech job market&#xA;- How Soham Parekh kept getting hired</itunes:subtitle>
    <itunes:summary></itunes:summary>
  </item>
  <item>
    <guid>OGbDBubqQdg</guid>
    <title>I Quit.</title>
    <enclosure url="https://uce168960ec9b1444a5091a7d73c.dl.dropboxusercontent.com/cd/0/inline/CtLFZhMkkxn5NjFCH_qMnbii3vJ2WWzd02BsLsY0hSpkWGuILPTseDabnMokjuSXnIHswtPd-PZjld5JhgPaKEAQBIltids4i0oABbtGkbONYHisyRm5dksCmkeXg5lJz3yKVp1MilMWHj19vgrJpaQM/file" length="14146460" type="audio/mpeg"></enclosure>
    <itunes:image href="https://uc4636487b3f6957e7351ba7f273.dl.dropboxusercontent.com/cd/0/inline/CtLZ5nzVRRG7riShfuNIiDJQazfrI7kYK-VaOrzOvSUbuIfK6DFmyfy3biIoIXl96sxql107EsDkwzUr9loj8i9zMDsvbH1IGFy527wcu4BY3BIUnr3leFPiPtBLuLdef9M4SIOKCBH11erjMQFkMl1n/file"></itunes:image>
    <description>Hey, everyone. It&#39;s me, Quackity. I just want to share with everyone that I am approaching a new phase in my life. This video has been in the works for a long time, and I hope everyone can watch in it&#39;s entirety. Nearly three years ago I inadvertently quit my main platform where I was making content, and ever since then, I‚Äôve been working on a lot of projects which I am incredibly proud of.&#xA;&#xA;Today, I want to announce my biggest project yet.&#xA;&#xA;Dababel.&#xA;&#xA;This is a project which I hold very dear to my heart, not because of what it is, but because of what it represents to me. I was born and raised in Mexico, my native language is Spanish - and this gave me the opportunity to experience what it was like to be in another country and not know the language. Throughout my life and my career I‚Äôve noticed how prevalent language barriers are - no matter where you are. And Dababel is a project with the objective to help people move beyond this barrier, which has existed since the beginning of time.&#xA;&#xA;This is a project for you. This is a project for everyone.&#xA;&#xA;DABABEL IS FOR THE WORLD. &#xA;&#xA;Thank you for all the support, and I hope you enjoy Dababel. To my global communities, to my new viewers and old, thank you for everything!</description>
    <link>https://www.youtube.com/watch?v=OGbDBubqQdg</link>
    <pubDate>Mon, 07 Jul 2025 00:00:00 GMT</pubDate>
    <itunes:duration>8:08</itunes:duration>
    <itunes:explicit>no</itunes:explicit>
    <itunes:author>@Quackity</itunes:author>
    <itunes:subtitle>Hey, everyone. It&#39;s me, Quackity. I just want to share with everyone that I am approaching a new phase in my life. This video has been in the works for a long time, and I hope everyone can watch in it&#39;s entirety. Nearly three years ago I inadvertently quit my main platform where I was making content, and ever since then, I‚Äôve been working on a lot of projects which I am incredibly proud of.&#xA;&#xA;Today, I want to announce my biggest project yet.&#xA;&#xA;Dababel.&#xA;&#xA;This is a project which I hold very dear to my heart, not because of what it is, but because of what it represents to me. I was born and raised in Mexico, my native language is Spanish - and this gave me the opportunity to experience what it was like to be in another country and not know the language. Throughout my life and my career I‚Äôve noticed how prevalent language barriers are - no matter where you are. And Dababel is a project with the objective to help people move beyond this barrier, which has existed since the beginning of time.&#xA;&#xA;This is a project for you. This is a project for everyone.&#xA;&#xA;DABABEL IS FOR THE WORLD. &#xA;&#xA;Thank you for all the support, and I hope you enjoy Dababel. To my global communities, to my new viewers and old, thank you for everything!</itunes:subtitle>
    <itunes:summary></itunes:summary>
  </item>
  <item>
    <guid>6XSIDh5O2uU</guid>
    <title>TRAITORS Is HILARIOUSLY Stupid!</title>
    <enclosure url="https://uce90f648010c0180595deea478c.dl.dropboxusercontent.com/cd/0/inline/CtIWx1u-3q7Cm3l6ekeQD484jalOlsWSUvgsqdWY2LNjsT1w7RW_A8m17ZekLBJvrr2AlS0gAAlAxG84AjrsaI_45ozb5bfrhH9RWG2LxjplG_siihqC6-uNtL3-_aeJgC419PX4gxEDOAV2eBGHb_cu/file" length="26968508" type="audio/mpeg"></enclosure>
    <itunes:image href="https://uca10a4691579b5c2a1d081570ec.dl.dropboxusercontent.com/cd/0/inline/CtKCFNxjZJgVnAZmHj-G8MiG2Adm0g_oqpr23Pm9xj_KD3gO6HXgq3k2SrJHuZNM1oMv_fLuikSpdIuTC-7XDZR9VchHTm6Rw6pw6tHiByNJudVu665IPw09tPriKsRtdCP2aXN-3GO5PSO2HnRZhOoc/file"></itunes:image>
    <description>#traitors #amazonprimeindia #roast &#xA;&#xA;Apply now to India‚Äôs Most Exclusive Video Editing Bootcamp : https://rebrand.ly/ve_shan&#xA;&#xA;This is what I think about Traitors India. &#xA;IG: https://www.instagram.com/shan_prasher</description>
    <link>https://www.youtube.com/watch?v=6XSIDh5O2uU</link>
    <pubDate>Wed, 09 Jul 2025 00:00:00 GMT</pubDate>
    <itunes:duration>18:04</itunes:duration>
    <itunes:explicit>no</itunes:explicit>
    <itunes:author>@ShanPrasher</itunes:author>
    <itunes:subtitle>#traitors #amazonprimeindia #roast &#xA;&#xA;Apply now to India‚Äôs Most Exclusive Video Editing Bootcamp : https://rebrand.ly/ve_shan&#xA;&#xA;This is what I think about Traitors India. &#xA;IG: https://www.instagram.com/shan_prasher</itunes:subtitle>
    <itunes:summary></itunes:summary>
  </item>
  <item>
    <guid>ZH3iKbEiks0</guid>
    <title>I was wrong</title>
    <enclosure url="https://ucbde24f8147d88554004cc2c482.dl.dropboxusercontent.com/cd/0/inline/CtKy0-2NFYYdeb9Eex_Mwd2_teSvi5cZUhR7xC4yUw9jAXNSfPZf1FPg2eds1xFWp5H0HxFaWIS1NzVeyDJKTCp_mEK-vndMObHnIG8c5nfHMHGssT8qKCMmKZRKgznPJlf6RgEWs_rEZdPIhN1hdsDt/file" length="30696668" type="audio/mpeg"></enclosure>
    <itunes:image href="https://uc0a89be1ebe63ebf8876f58f4ef.dl.dropboxusercontent.com/cd/0/inline/CtL_Pgds_jUmfXQ2P9yeZcZ7JI0KPBfhmVmBsnRjdq5UgdtdwyFb5_6Vvt9KFuRAUbcW9Wo1pmZyjbJvj5a4yAhlpAXd03nddUbQh616XLojPBtnto4kim2BjoNKjIPLZavYBwayFu8a86QeXwTlmkh4/file"></itunes:image>
    <description>Thanks to our sponsor, https://blacksmith.sh today! Speed up your GitHub Actionsüí® AND pay less!!&#xA;&#xA;Twitch https://twitch.tv/ThePrimeagen&#xA;Discord https://discord.gg/ThePrimeagen&#xA;&#xA;Become Backend Dev: https://boot.dev/prime&#xA;(plus i make courses for them)&#xA;&#xA;if you need coffee&#xA;ssh terminal.shop&#xA;&#xA;This is also the best way to support me is to support yourself becoming a better backend engineer. &#xA;&#xA;üìå Chapters:&#xA;&#xA;00:00:00 - Prime&#39;s Confession&#xA;00:01:20 - Prime&#39;s Philosophy&#xA;00:04:57 - Blacksmith.sh Sponsor!&#xA;00:05:38 - Managing Windows&#xA;00:06:47 - Why Prime is late to everything&#xA;00:07:58 - It&#39;s hard being an Arch Boy&#xA;00:09:05 - Organizing Workspaces&#xA;00:10:54 - Never Abandon TMUX&#xA;00:11:43 - I use vim btw&#xA;00:13:20 - undotree is underrated&#xA;00:15:23 - Navigation is key&#xA;00:17:00 - I use arch btw&#xA;&#xA;üìï Content&#xA;&#xA;* Why PewDiePie unintentionally convinced me to use Arch&#xA;* How I built a clean, fast developer workflow on Linux&#xA;* My minimalist ‚Äúrice‚Äù philosophy focused on speed over style&#xA;* The real reason I still use tmux and Vim&#xA;* Why fast navigation is more important than saving keystrokes&#xA;* How I replaced annoying workflows with efficient tools&#xA;* My Hyperland setup with no animations and no bloat&#xA;* The importance of workspaces, consistent window management, and reducing friction&#xA;* Why flashy configs are a distraction from good dev experience&#xA;* Tips to cut mental overhead and stay in the zone</description>
    <link>https://www.youtube.com/watch?v=ZH3iKbEiks0</link>
    <pubDate>Thu, 03 Jul 2025 00:00:00 GMT</pubDate>
    <itunes:duration>17:59</itunes:duration>
    <itunes:explicit>no</itunes:explicit>
    <itunes:author>@ThePrimeagen</itunes:author>
    <itunes:subtitle>Thanks to our sponsor, https://blacksmith.sh today! Speed up your GitHub Actionsüí® AND pay less!!&#xA;&#xA;Twitch https://twitch.tv/ThePrimeagen&#xA;Discord https://discord.gg/ThePrimeagen&#xA;&#xA;Become Backend Dev: https://boot.dev/prime&#xA;(plus i make courses for them)&#xA;&#xA;if you need coffee&#xA;ssh terminal.shop&#xA;&#xA;This is also the best way to support me is to support yourself becoming a better backend engineer. &#xA;&#xA;üìå Chapters:&#xA;&#xA;00:00:00 - Prime&#39;s Confession&#xA;00:01:20 - Prime&#39;s Philosophy&#xA;00:04:57 - Blacksmith.sh Sponsor!&#xA;00:05:38 - Managing Windows&#xA;00:06:47 - Why Prime is late to everything&#xA;00:07:58 - It&#39;s hard being an Arch Boy&#xA;00:09:05 - Organizing Workspaces&#xA;00:10:54 - Never Abandon TMUX&#xA;00:11:43 - I use vim btw&#xA;00:13:20 - undotree is underrated&#xA;00:15:23 - Navigation is key&#xA;00:17:00 - I use arch btw&#xA;&#xA;üìï Content&#xA;&#xA;* Why PewDiePie unintentionally convinced me to use Arch&#xA;* How I built a clean, fast developer workflow on Linux&#xA;* My minimalist ‚Äúrice‚Äù philosophy focused on speed over style&#xA;* The real reason I still use tmux and Vim&#xA;* Why fast navigation is more important than saving keystrokes&#xA;* How I replaced annoying workflows with efficient tools&#xA;* My Hyperland setup with no animations and no bloat&#xA;* The importance of workspaces, consistent window management, and reducing friction&#xA;* Why flashy configs are a distraction from good dev experience&#xA;* Tips to cut mental overhead and stay in the zone</itunes:subtitle>
    <itunes:summary></itunes:summary>
  </item>
  <item>
    <guid>4KbrxIpQgkM</guid>
    <title>Nothing Phone 3 Review: They Lied!</title>
    <enclosure url="https://ucff10274826d3c4f750b29c41e6.dl.dropboxusercontent.com/cd/0/inline/CtIZX0KvCQFcv_olSPtnAw0j5teDK07ihKZmlh1TW7Y2l9cspKcTggzfmEErUWYgvwEMeO85ZdQY-6F0ZNyhhTamiTiSsob38kvFXELOcdFCu2RPtDFcp0bH88J78-rVDVFuIi340ss-8SzZ6i8oD4Ki/file" length="22310396" type="audio/mpeg"></enclosure>
    <itunes:image href="https://ucbf5c88a1ebd8ed78f18b03c363.dl.dropboxusercontent.com/cd/0/inline/CtJ3Sm8rVMX8sq7uN97sOL1A4Fhhv10jN03hgvoOWJa0DyubsVchzgc6XdtFh4IiA59oN4seNfkAO3wcPiBIQpjOcg5Aas1SCgYRFHqxsdFvV-KYEIc3s4rVMaztzZoVkF5ZylHAvrTTKQVXwiZlPmQ8/file"></itunes:image>
    <description>So you want to be a flagship?&#xA;&#xA;Nothing Phone 3: https://geni.us/Lv2Fcd&#xA;&#xA;MKBHD Merch: http://shop.MKBHD.com&#xA;&#xA;Playlist of MKBHD Intro music: https://goo.gl/B3AWV5&#xA;&#xA;Phone provided by Nothing for review.&#xA;&#xA;~&#xA;http://twitter.com/MKBHD&#xA;http://instagram.com/MKBHD&#xA;http://facebook.com/MKBHD</description>
    <link>https://www.youtube.com/watch?v=4KbrxIpQgkM</link>
    <pubDate>Tue, 08 Jul 2025 00:00:00 GMT</pubDate>
    <itunes:duration>15:37</itunes:duration>
    <itunes:explicit>no</itunes:explicit>
    <itunes:author>@mkbhd</itunes:author>
    <itunes:subtitle>So you want to be a flagship?&#xA;&#xA;Nothing Phone 3: https://geni.us/Lv2Fcd&#xA;&#xA;MKBHD Merch: http://shop.MKBHD.com&#xA;&#xA;Playlist of MKBHD Intro music: https://goo.gl/B3AWV5&#xA;&#xA;Phone provided by Nothing for review.&#xA;&#xA;~&#xA;http://twitter.com/MKBHD&#xA;http://instagram.com/MKBHD&#xA;http://facebook.com/MKBHD</itunes:subtitle>
    <itunes:summary></itunes:summary>
  </item>
  <item>
    <guid>6SNQlSRAqAY</guid>
    <title>Interview With A Sr JavaScript Dev | Prime Reacts</title>
    <enclosure url="https://ucbb6132f6570b49094f050537fb.dl.dropboxusercontent.com/cd/0/inline/CtI-2fIvBsAufFDyrm8-9T25VeOA3j8gNVKreBtGZRb7isk0SHgrC4JGp0QZOhylDrFly2bAj7BWGp2eDYhGHUHJSlvMQceaFv7ZEHZYJHheA41XCJLokqMRjQ0mTCZ2s02ioXQ-QO3uRJGOwQKRuSJR/file" length="36464636" type="audio/mpeg"></enclosure>
    <itunes:image href="https://uc14f5604da8aa0a086c61cf1dd4.dl.dropboxusercontent.com/cd/0/inline/CtISLwozxrY8qsg0Om9bj-_kZ-4xOoV1sjFY5QxVsvFVJAtIDHfvPOPGHII1RdWseasrI0kPLsWUQQEsDWl5rRdEbgLcBf16rKd5yNCq6XG_Zbr4ki-jqPYlw4s_v44pQFLYCSrV5xz8Fozcatofa08Y/file"></itunes:image>
    <description>Recorded live on twitch, GET IN &#xA;&#xA;### Reviewed Video&#xA;https://www.youtube.com/watch?v=aWfYxg-Ypm4&#xA;By: https://www.youtube.com/@programmersarealsohuman5909&#xA;&#xA;### My Stream&#xA;https://twitch.tv/ThePrimeagen&#xA;&#xA;### Best Way To Support Me&#xA;Become a backend engineer.  Its my favorite site&#xA;https://boot.dev/?promo=PRIMEYT&#xA;&#xA;This is also the best way to support me is to support yourself becoming a better backend engineer.  &#xA;&#xA;MY MAIN YT CHANNEL: Has well edited engineering videos&#xA;https://youtube.com/ThePrimeagen&#xA;&#xA;Discord&#xA;https://discord.gg/ThePrimeagen&#xA;&#xA;&#xA;Have something for me to read or react to?: https://www.reddit.com/r/ThePrimeagenReact/&#xA;&#xA;Kinesis Advantage 360: https://bit.ly/Prime-Kinesis&#xA;&#xA;Hey I am sponsored by Turso, an edge database.  I think they are pretty neet.  Give them a try for free and if you want you can get a decent amount off (the free tier is the best (better than planetscale or any other))&#xA;https://turso.tech/deeznuts</description>
    <link>https://www.youtube.com/watch?v=6SNQlSRAqAY</link>
    <pubDate>Wed, 01 May 2024 00:00:00 GMT</pubDate>
    <itunes:duration>24:43</itunes:duration>
    <itunes:explicit>no</itunes:explicit>
    <itunes:author>@ThePrimeTimeagen</itunes:author>
    <itunes:subtitle>Recorded live on twitch, GET IN &#xA;&#xA;### Reviewed Video&#xA;https://www.youtube.com/watch?v=aWfYxg-Ypm4&#xA;By: https://www.youtube.com/@programmersarealsohuman5909&#xA;&#xA;### My Stream&#xA;https://twitch.tv/ThePrimeagen&#xA;&#xA;### Best Way To Support Me&#xA;Become a backend engineer.  Its my favorite site&#xA;https://boot.dev/?promo=PRIMEYT&#xA;&#xA;This is also the best way to support me is to support yourself becoming a better backend engineer.  &#xA;&#xA;MY MAIN YT CHANNEL: Has well edited engineering videos&#xA;https://youtube.com/ThePrimeagen&#xA;&#xA;Discord&#xA;https://discord.gg/ThePrimeagen&#xA;&#xA;&#xA;Have something for me to read or react to?: https://www.reddit.com/r/ThePrimeagenReact/&#xA;&#xA;Kinesis Advantage 360: https://bit.ly/Prime-Kinesis&#xA;&#xA;Hey I am sponsored by Turso, an edge database.  I think they are pretty neet.  Give them a try for free and if you want you can get a decent amount off (the free tier is the best (better than planetscale or any other))&#xA;https://turso.tech/deeznuts</itunes:subtitle>
    <itunes:summary></itunes:summary>
  </item>
  <item>
    <guid>hwG89HH0VcM</guid>
    <title>Interview with 0.1x engineer [FULL]</title>
    <enclosure url="https://uc1028a9e2b6a8b6a3ce21e3c9cb.dl.dropboxusercontent.com/cd/0/inline/CtJpSnUSUHgWv6fKB4KsoJEsHaXXD91yvPpm1FkGj1RpF1wLxkBHnOCr6-324QAmXxjj8ysdfR7oJbJ4ldCP1B2RV84mZ7KKwZgP7ypJkM5xil89zyNFVZKs6WD4nTijcpFGY2xpmJfNrwI_VX3kLwY5/file" length="5785532" type="audio/mpeg"></enclosure>
    <itunes:image href="https://uc2166bdeb1933daeb3aafee807f.dl.dropboxusercontent.com/cd/0/inline/CtI17ahmak2d-wJNljbjfPatNPdyYdPnwrOC4y9wyK7PsTiqnyyL1O2P4_ObT_yiMpOIEwkAFfObGNYHNnPBvQn5W-STBdqS5AKRLAHWzC7eaFPE9ySQQ7DI1Bfx_iDbKy3kF51N7QtU97tWK2TTwOCY/file"></itunes:image>
    <description>0.1x engineer&#xA;https://linkgraph.net/0.1xengineer&#xA;&#xA;Interview with a 0.1x engineer with Kai Lentit - aired on ¬© The 0.1x engineer.&#xA;&#xA;Javascript beginner&#xA;Coding Bootcamps&#xA;AI Coder&#xA;Microservices&#xA;Programmer humor&#xA;Javascript humor&#xA;Programming jokes&#xA;Programming memes&#xA;Javascript&#xA;HTMX&#xA;Js memes&#xA;typescript&#xA;js jokes&#xA;jquery &#xA;docker&#xA;&#xA;&#xA;#programming&#xA;#jokes&#xA;#javascript</description>
    <link>https://www.youtube.com/watch?v=hwG89HH0VcM</link>
    <pubDate>Tue, 17 Jun 2025 00:00:00 GMT</pubDate>
    <itunes:duration>4:46</itunes:duration>
    <itunes:explicit>no</itunes:explicit>
    <itunes:author>@programmersarealsohuman5909</itunes:author>
    <itunes:subtitle>0.1x engineer&#xA;https://linkgraph.net/0.1xengineer&#xA;&#xA;Interview with a 0.1x engineer with Kai Lentit - aired on ¬© The 0.1x engineer.&#xA;&#xA;Javascript beginner&#xA;Coding Bootcamps&#xA;AI Coder&#xA;Microservices&#xA;Programmer humor&#xA;Javascript humor&#xA;Programming jokes&#xA;Programming memes&#xA;Javascript&#xA;HTMX&#xA;Js memes&#xA;typescript&#xA;js jokes&#xA;jquery &#xA;docker&#xA;&#xA;&#xA;#programming&#xA;#jokes&#xA;#javascript</itunes:subtitle>
    <itunes:summary></itunes:summary>
  </item>
  <language>English</language>
  <copyright></copyright>
  <itunes:author></itunes:author>
  <itunes:subtitle>name:name</itunes:subtitle>
  <itunes:summary>name:name</itunes:summary>
  <itunes:explicit>no</itunes:explicit>
  <itunes:category text="Technology"></itunes:category>
  <itunes:owner>
    <itunes:name></itunes:name>
    <itunes:email></itunes:email>
  </itunes:owner>
</channel>
</rss>