<?xml version="1.0" encoding="UTF-8"?>
<rss xmlns:itunes="http://www.itunes.com/dtds/podcast-1.0.dtd" xmlns:podcast="https://podcastindex.org/namespace/1.0" version="2.0">
  <channel>
  <id>3a4f7007-2d12-4ea5-8ea6-ab00d7b54f14</id>
  <title>test-1</title>
  <itunes:image href="https://ucf7ff96b698812f0da9ae122d97.dl.dropboxusercontent.com/cd/0/inline/CtITkGZy8HFIKsRsv9wJ8bObQmcqmepQKB_5-Rf8J3YoISEpSlBvRoK4LcnScZyDMWm_krzZ4VTgvlZp6rSAprkiiyZfotNg3hv78WXOIbXAH5lXsAl5_OYeAovKcGP5m6lNOii_6BMDqnml0-gTLEwd/file"></itunes:image>
  <description>name:name</description>
  <item>
    <guid>M9UWgw_aW28</guid>
    <title>Why is the Rust Compiler So SLOW?</title>
    <enclosure url="https://uca44798525ae6b2f65c27e9708f.dl.dropboxusercontent.com/cd/0/inline/CtJ3YRxMeowh14SZK5eoGbu6nFd-FPLHYv_Y1Xfk-Rwbt_ulI2JGMwR-XUF6Q0lt2AizEN91rQq3GKVnNifnwHnDFH78Ib5jxcudcaswlIRXNXRhPxtp169wTnal0CKuAlxo4MD18WQ8Yekx5xTe9mh7/file" length="90744188" type="audio/mpeg"></enclosure>
    <itunes:image href="https://ucfc2ba9abbd0fd7bfc8c9791081.dl.dropboxusercontent.com/cd/0/inline/CtL7z-OrJra2HLppl2ni9a1hWVi1DEPg4w9ii1-2RZZSjKmgR8X3IRoVvzExQ16ZF-xIrlSmHXKMqOKmuWZGeI3T8V8STHlOx0K4mOLTgRDYxam_u1qmFRMPzw1xsC_a82MM4_g8XWI3X0UYvSX20wMr/file"></itunes:image>
    <description>Twitch https://twitch.tv/ThePrimeagen&#xA;Discord https://discord.gg/ThePrimeagen&#xA;&#xA;Become Backend Dev: https://boot.dev/prime&#xA;(plus i make courses for them)&#xA;&#xA;This is also the best way to support me is to support yourself becoming a better backend engineer.  &#xA;&#xA;### LINKS &#xA; -- https://sharnoff.io/blog/why-rust-compiler-slow&#xA;By: Em Sharnoff&#xA;&#xA;Great News?  Want me to research and create video????: https://www.reddit.com/r/ThePrimeagen&#xA;&#xA;Kinesis Advantage 360: https://bit.ly/Prime-Kinesis</description>
    <link>https://www.youtube.com/watch?v=M9UWgw_aW28</link>
    <pubDate>Wed, 09 Jul 2025 00:00:00 GMT</pubDate>
    <itunes:duration>57:07</itunes:duration>
    <itunes:explicit>no</itunes:explicit>
    <itunes:author>@ThePrimeTimeagen</itunes:author>
    <itunes:subtitle>Twitch https://twitch.tv/ThePrimeagen&#xA;Discord https://discord.gg/ThePrimeagen&#xA;&#xA;Become Backend Dev: https://boot.dev/prime&#xA;(plus i make courses for them)&#xA;&#xA;This is also the best way to support me is to support yourself becoming a better backend engineer.  &#xA;&#xA;### LINKS &#xA; -- https://sharnoff.io/blog/why-rust-compiler-slow&#xA;By: Em Sharnoff&#xA;&#xA;Great News?  Want me to research and create video????: https://www.reddit.com/r/ThePrimeagen&#xA;&#xA;Kinesis Advantage 360: https://bit.ly/Prime-Kinesis</itunes:subtitle>
    <itunes:summary></itunes:summary>
  </item>
  <language>English</language>
  <copyright></copyright>
  <itunes:author></itunes:author>
  <itunes:subtitle></itunes:subtitle>
  <itunes:summary>name:name</itunes:summary>
  <itunes:explicit>no</itunes:explicit>
  <itunes:category text="Technology"></itunes:category>
  <itunes:owner>
    <itunes:name></itunes:name>
    <itunes:email></itunes:email>
  </itunes:owner>
</channel>
</rss>